<?xml version="1.0" encoding="UTF-8"?>
<!-- Generated by org.testng.reporters.JUnitXMLReporter -->
<testsuite hostname="Prabus-MacBook-Pro.local" name="Regression" tests="3" failures="2" timestamp="14 Oct 2020 06:00:50 GMT" time="15.0" errors="0">
  <testcase name="Test3" time="11.387" classname="SeleniumFirstTestCase.test1">
    <failure type="java.lang.AssertionError" message="expected [Online Shopping Site for Mobiles, Electronics, Furniture, Grocery, Lifestyle, Books &amp;amp; More. Best Offers!] but found [Google]">
      <![CDATA[java.lang.AssertionError: expected [Online Shopping Site for Mobiles, Electronics, Furniture, Grocery, Lifestyle, Books & More. Best Offers!] but found [Google]
	at SeleniumFirstTestCase.test1.Test3(test1.java:60)
	at java.util.concurrent.ThreadPoolExecutor.runWorker(ThreadPoolExecutor.java:1149)
	at java.util.concurrent.ThreadPoolExecutor$Worker.run(ThreadPoolExecutor.java:624)
	at java.lang.Thread.run(Thread.java:748)
... Removed 15 stack frames]]>
    </failure>
  </testcase> <!-- Test3 -->
  <testcase name="Test2" time="11.387" classname="SeleniumFirstTestCase.test1">
    <failure type="java.lang.AssertionError" message="expected [Online Shopping site in India: Shop Online for Mobiles, Books, Watches, Shoes and More - Amazon.in] but found [Google]">
      <![CDATA[java.lang.AssertionError: expected [Online Shopping site in India: Shop Online for Mobiles, Books, Watches, Shoes and More - Amazon.in] but found [Google]
	at SeleniumFirstTestCase.test1.Test2(test1.java:54)
	at java.util.concurrent.ThreadPoolExecutor.runWorker(ThreadPoolExecutor.java:1149)
	at java.util.concurrent.ThreadPoolExecutor$Worker.run(ThreadPoolExecutor.java:624)
	at java.lang.Thread.run(Thread.java:748)
... Removed 15 stack frames]]>
    </failure>
  </testcase> <!-- Test2 -->
  <testcase name="Test1" time="11.39" classname="SeleniumFirstTestCase.test1"/>
</testsuite> <!-- Regression -->
